Warning: Network contains internal links which are ignored. Vehicles will 'jump' across junctions and thus underestimate route lengths and travel times.
Warning: lane position 10.00 for poi 'depot_001' is not valid.
Warning: No connection between edge '1158120932#3' and edge '709360971' found.
Warning: No connection between edge '946030655#4' and edge '1242183588#2' found.
Warning: No connection between edge '740599803#1' and edge '684766065#1' found.
Warning: No connection between edge '709022104#0' and edge '-946030655#11' found.
Warning: No connection between edge '1317516879#4' and edge '946867352#3' found.
Warning: No connection between edge '506383095#3' and edge '1242183588#2' found.
Warning: No connection between edge '710203072#2' and edge '857047108#10' found.
Warning: No connection between edge '1107122306#1' and edge '708928718#1' found.
Warning: No connection between edge '740599803#4' and edge '1180597073#18' found.
Warning: No connection between edge '-11008124#1' and edge '36084976' found.
Warning: No connection between edge '37734136#0' and edge '-37862483#1' found.
Warning: No connection between edge '702927014#2' and edge '11838452#1' found.
Warning: No connection between edge '707450924' and edge '397649390#2' found.
Warning: No connection between edge '707072727#0' and edge '704089866#1' found.
Warning: No connection between edge '710203072#0' and edge '-180083167#6' found.
Warning: No connection between edge '-708891237#0' and edge '1333362366#0' found.
Warning: No connection between edge '11839377#1' and edge '11838452#1' found.
Warning: No connection between edge '1276334499#4' and edge '1158120934' found.
Warning: No connection between edge '701841904#6' and edge '-251780514#5' found.
Warning: No connection between edge '179993959#2' and edge '707072726' found.
Warning: No connection between edge '29046492#9' and edge '-251780514#2' found.
Warning: No connection between edge '1107122306#0' and edge '-251780514#1' found.
Warning: No connection between edge '179993959#1' and edge '1107122306#1' found.
Warning: No connection between edge '1180597073#15' and edge '704089866#4' found.
Warning: No connection between edge '37734136#4' and edge '704089866#3' found.
Warning: No connection between edge '964868047#0' and edge '11838452#1' found.
Warning: No connection between edge '37734136#0' and edge '29046492#9' found.
Warning: No connection between edge '-838425492#7' and edge '251780514#1' found.
Warning: No connection between edge '961861921' and edge '251780514#2' found.
Warning: No connection between edge '-11007920' and edge '251784279#2' found.
Warning: No connection between edge '179993959#6' and edge '1215943718#1' found.
Warning: No connection between edge '708944663' and edge '704089866#8' found.
Warning: No connection between edge '701841904#3' and edge '1317516877' found.
Warning: No connection between edge '708649103#2' and edge '1107122308#0' found.
Warning: No connection between edge '164155833' and edge '708576350#0' found.
Warning: No connection between edge '-29046492#16' and edge '704089866#9' found.
Warning: No connection between edge '164211343' and edge '707066368#1' found.
Warning: No connection between edge '-37891457#3' and edge '1298270941#0' found.
Warning: No connection between edge '-702927010#1' and edge '251780514#3' found.
Warning: No connection between edge '-838425492#1' and edge '953279469#1' found.
Warning: No connection between edge '707866680' and edge '1180597073#13' found.
Warning: No connection between edge '1317516879#1' and edge '-37972515#8' found.
Warning: No connection between edge '1216160206' and edge '397649390#3' found.
Warning: No connection between edge '838425496#2' and edge '11838452#3' found.
Warning: No connection between edge '711031662#6' and edge '711367570#1' found.
Warning: No connection between edge '591354553#1' and edge '710307672#2' found.
Warning: No connection between edge '179990709#3' and edge '710279559' found.
Warning: No connection between edge '711367571' and edge '-37891457#1' found.
Warning: No connection between edge '946867352#6' and edge '251784279#2' found.
Warning: No connection between edge '-251784279#2' and edge '-617351094#9' found.
Warning: No connection between edge '-11707208' and edge '703109534#1' found.
Warning: No connection between edge '-251784279#1' and edge '1158120933#5' found.
Warning: No connection between edge '-591354553#0' and edge '710286229' found.
Warning: No connection between edge '37972515#2' and edge '703109534#1' found.
Warning: No connection between edge '36869877#8' and edge '704089866#3' found.
Warning: No connection between edge '1344929479#0' and edge '35978173' found.
Warning: No connection between edge '890197306#1' and edge '709360971' found.
Warning: No connection between edge '179993959#8' and edge '708576347#2' found.
Warning: No connection between edge '946030632#2' and edge '703109534#0' found.
Warning: No connection between edge '711708478#0' and edge '207272547#1' found.
Warning: No connection between edge '710307672#0' and edge '1317516877' found.
Warning: No connection between edge '-946030655#2' and edge '600083145#2' found.
Warning: No connection between edge '164211258#0' and edge '704089866#9' found.
Warning: No connection between edge '37734136#4' and edge '945322275#7' found.
Warning: No connection between edge '890197307' and edge '599146734#3' found.
Warning: No connection between edge '1266449985#1' and edge '704089866#1' found.
Warning: No connection between edge '37734136#3' and edge '-675260240#1' found.
Warning: No connection between edge '-37891457#11' and edge '710279559' found.
Warning: No connection between edge '-946030655#4' and edge '1317516878' found.
Warning: No connection between edge '857047108#5' and edge '704089866#3' found.
Warning: No connection between edge '179993959#8' and edge '945322256#4' found.
Warning: No connection between edge '1107122306#1' and edge '-37891457#1' found.
Warning: No connection between edge '164155833' and edge '-11711997#9' found.
Warning: No connection between edge '1242183588#1' and edge '11838452#1' found.
Warning: No connection between edge '36869877#2' and edge '705792495' found.
Warning: No connection between edge '710203072#3' and edge '-37891457#2' found.
Warning: No connection between edge '591354553#0' and edge '136556857#0' found.
Warning: No connection between edge '710298224#0' and edge '-11838452#1' found.
Warning: No connection between edge '709673461#1' and edge '251780514#4' found.
Warning: No connection between edge '711366277' and edge '703109534#0' found.
Warning: No connection between edge '-591354553#1' and edge '1216160206' found.
Warning: No connection between edge '37862483#0' and edge '1298270941#1' found.
Warning: No connection between edge '1290403737' and edge '36084976' found.
Warning: No connection between edge '848915394#1' and edge '251780514#3' found.
Warning: No connection between edge '-707066366#9' and edge '711367570#0' found.
Warning: No connection between edge '1262812937#6' and edge '704089866#7' found.
Warning: No connection between edge '1344929479#9' and edge '596710689#1' found.
Warning: No connection between edge '707450925#1' and edge '-617351094#2' found.
Warning: No connection between edge '946030655#3' and edge '-251784279#1' found.
Warning: No connection between edge '704089866#1' and edge '397649390#1' found.
Warning: No connection between edge '179993959#8' and edge '29046492#6' found.
Warning: No connection between edge '946030655#4' and edge '-11838452#4' found.
Warning: No connection between edge '1107122306#0' and edge '593642481#0' found.
Warning: No connection between edge '1107122306#0' and edge '-1395144950#8' found.
Warning: No connection between edge '856460790' and edge '29046492#14' found.
Warning: No connection between edge '946030655#8' and edge '397649390#2' found.
Warning: No connection between edge '710203072#4' and edge '708581285' found.
Warning: No connection between edge '179993959#6' and edge '-37891457#6' found.
Warning: resume not yet implemented for meso
Warning: setSpeed not yet implemented for meso
Warning: resume not yet implemented for meso
Warning: setSpeed not yet implemented for meso
Warning: resume not yet implemented for meso
Warning: No connection between edge '-675484248#3' and edge '946030657' found.
Warning: setSpeed not yet implemented for meso
Warning: setSpeed not yet implemented for meso
Warning: setSpeed not yet implemented for meso
Warning: setSpeed not yet implemented for meso
Warning: setSpeed not yet implemented for meso
Warning: setSpeed not yet implemented for meso
Warning: resume not yet implemented for meso
Warning: setSpeed not yet implemented for meso
Warning: setSpeed not yet implemented for meso
Warning: resume not yet implemented for meso
Warning: setSpeed not yet implemented for meso
Warning: setSpeed not yet implemented for meso
Warning: setSpeed not yet implemented for meso
Warning: setSpeed not yet implemented for meso
Warning: resume not yet implemented for meso
Warning: setSpeed not yet implemented for meso
Warning: setSpeed not yet implemented for meso
Warning: setSpeed not yet implemented for meso
Warning: setSpeed not yet implemented for meso
Warning: setSpeed not yet implemented for meso
Warning: setSpeed not yet implemented for meso
Warning: setSpeed not yet implemented for meso
Warning: resume not yet implemented for meso
Warning: setSpeed not yet implemented for meso
Warning: setSpeed not yet implemented for meso
Warning: setSpeed not yet implemented for meso
Warning: setSpeed not yet implemented for meso
Warning: setSpeed not yet implemented for meso
Warning: setSpeed not yet implemented for meso
Warning: setSpeed not yet implemented for meso
Warning: setSpeed not yet implemented for meso
Warning: setSpeed not yet implemented for meso
Warning: resume not yet implemented for meso
Warning: setSpeed not yet implemented for meso
Warning: setSpeed not yet implemented for meso
Warning: setSpeed not yet implemented for meso
Warning: setSpeed not yet implemented for meso
Warning: resume not yet implemented for meso
Warning: setSpeed not yet implemented for meso
Warning: setSpeed not yet implemented for meso
Warning: resume not yet implemented for meso
Warning: No connection between edge '-198407217#3' and edge '946030657' found.
Warning: setSpeed not yet implemented for meso
Warning: setSpeed not yet implemented for meso
Warning: setSpeed not yet implemented for meso
Warning: setSpeed not yet implemented for meso
Warning: setSpeed not yet implemented for meso
Warning: setSpeed not yet implemented for meso
Warning: setSpeed not yet implemented for meso
Warning: setSpeed not yet implemented for meso
Warning: setSpeed not yet implemented for meso
Warning: setSpeed not yet implemented for meso
Warning: setSpeed not yet implemented for meso
Warning: setSpeed not yet implemented for meso
Warning: resume not yet implemented for meso
Warning: setSpeed not yet implemented for meso
Warning: setSpeed not yet implemented for meso
Warning: resume not yet implemented for meso
Warning: setSpeed not yet implemented for meso
Warning: setSpeed not yet implemented for meso
Warning: resume not yet implemented for meso
Warning: setSpeed not yet implemented for meso
Warning: setSpeed not yet implemented for meso
Warning: setSpeed not yet implemented for meso
Warning: setSpeed not yet implemented for meso
Warning: setSpeed not yet implemented for meso
Warning: resume not yet implemented for meso
Warning: No connection between edge '-675484248#3' and edge '946030657' found.
Warning: setSpeed not yet implemented for meso
Warning: setSpeed not yet implemented for meso
Warning: setSpeed not yet implemented for meso
Warning: setSpeed not yet implemented for meso
Warning: setSpeed not yet implemented for meso
Warning: setSpeed not yet implemented for meso
Warning: setSpeed not yet implemented for meso
Warning: setSpeed not yet implemented for meso
Warning: setSpeed not yet implemented for meso
Warning: setSpeed not yet implemented for meso
Warning: setSpeed not yet implemented for meso
Warning: resume not yet implemented for meso
Warning: setSpeed not yet implemented for meso
Warning: setSpeed not yet implemented for meso
Warning: setSpeed not yet implemented for meso
Warning: setSpeed not yet implemented for meso
Warning: setSpeed not yet implemented for meso
Warning: setSpeed not yet implemented for meso
Warning: resume not yet implemented for meso
Warning: setSpeed not yet implemented for meso
Warning: setSpeed not yet implemented for meso
Warning: setSpeed not yet implemented for meso
Warning: setSpeed not yet implemented for meso
Warning: setSpeed not yet implemented for meso
Warning: setSpeed not yet implemented for meso
Warning: setSpeed not yet implemented for meso
Warning: setSpeed not yet implemented for meso
Warning: setSpeed not yet implemented for meso
Warning: setSpeed not yet implemented for meso
Warning: setSpeed not yet implemented for meso
Warning: setSpeed not yet implemented for meso
Warning: setSpeed not yet implemented for meso
Warning: setSpeed not yet implemented for meso
Warning: resume not yet implemented for meso
Warning: setSpeed not yet implemented for meso
Warning: setSpeed not yet implemented for meso
Warning: setSpeed not yet implemented for meso
Warning: setSpeed not yet implemented for meso
Warning: setSpeed not yet implemented for meso
Warning: setSpeed not yet implemented for meso
Warning: resume not yet implemented for meso
Warning: setSpeed not yet implemented for meso
Warning: setSpeed not yet implemented for meso
Warning: setSpeed not yet implemented for meso
Warning: setSpeed not yet implemented for meso
Warning: setSpeed not yet implemented for meso
Warning: setSpeed not yet implemented for meso
Warning: setSpeed not yet implemented for meso
Warning: setSpeed not yet implemented for meso
Warning: setSpeed not yet implemented for meso
Warning: setSpeed not yet implemented for meso
Warning: setSpeed not yet implemented for meso
Warning: setSpeed not yet implemented for meso
Warning: setSpeed not yet implemented for meso
Warning: resume not yet implemented for meso
Warning: No connection between edge '-1461754606#4' and edge '-11838452#1' found.
Warning: No connection between edge '-675484248#3' and edge '946030657' found.
Warning: setSpeed not yet implemented for meso
Warning: setSpeed not yet implemented for meso
Warning: setSpeed not yet implemented for meso
Warning: setSpeed not yet implemented for meso
Warning: setSpeed not yet implemented for meso
Warning: setSpeed not yet implemented for meso
Warning: setSpeed not yet implemented for meso
Warning: setSpeed not yet implemented for meso
Warning: setSpeed not yet implemented for meso
Warning: setSpeed not yet implemented for meso
Warning: setSpeed not yet implemented for meso
Warning: setSpeed not yet implemented for meso
Warning: setSpeed not yet implemented for meso
Warning: setSpeed not yet implemented for meso
Warning: resume not yet implemented for meso
Warning: setSpeed not yet implemented for meso
Warning: setSpeed not yet implemented for meso
Warning: setSpeed not yet implemented for meso
Warning: setSpeed not yet implemented for meso
Warning: setSpeed not yet implemented for meso
Warning: setSpeed not yet implemented for meso
Warning: setSpeed not yet implemented for meso
Warning: setSpeed not yet implemented for meso
Warning: setSpeed not yet implemented for meso
Warning: setSpeed not yet implemented for meso
Warning: setSpeed not yet implemented for meso
Warning: setSpeed not yet implemented for meso
Warning: setSpeed not yet implemented for meso
Warning: setSpeed not yet implemented for meso
Warning: resume not yet implemented for meso
Warning: setSpeed not yet implemented for meso
Warning: setSpeed not yet implemented for meso
Warning: setSpeed not yet implemented for meso
Warning: setSpeed not yet implemented for meso
Warning: setSpeed not yet implemented for meso
Warning: setSpeed not yet implemented for meso
Warning: setSpeed not yet implemented for meso
Warning: setSpeed not yet implemented for meso
Warning: setSpeed not yet implemented for meso
Warning: setSpeed not yet implemented for meso
Warning: setSpeed not yet implemented for meso
Warning: setSpeed not yet implemented for meso
Warning: setSpeed not yet implemented for meso
Warning: setSpeed not yet implemented for meso
Warning: setSpeed not yet implemented for meso
Warning: setSpeed not yet implemented for meso
Warning: setSpeed not yet implemented for meso
Warning: setSpeed not yet implemented for meso
Warning: setSpeed not yet implemented for meso
Warning: setSpeed not yet implemented for meso
Warning: setSpeed not yet implemented for meso
Warning: setSpeed not yet implemented for meso
Warning: setSpeed not yet implemented for meso
Warning: resume not yet implemented for meso
Warning: setSpeed not yet implemented for meso
Warning: setSpeed not yet implemented for meso
Warning: setSpeed not yet implemented for meso
Warning: setSpeed not yet implemented for meso
Warning: setSpeed not yet implemented for meso
Warning: setSpeed not yet implemented for meso
Warning: setSpeed not yet implemented for meso
Warning: setSpeed not yet implemented for meso
Warning: setSpeed not yet implemented for meso
Warning: setSpeed not yet implemented for meso
Warning: setSpeed not yet implemented for meso
Warning: resume not yet implemented for meso
Warning: setSpeed not yet implemented for meso
Warning: setSpeed not yet implemented for meso
Warning: setSpeed not yet implemented for meso
Warning: setSpeed not yet implemented for meso
Warning: resume not yet implemented for meso
Warning: setSpeed not yet implemented for meso
Warning: setSpeed not yet implemented for meso
Warning: setSpeed not yet implemented for meso
Warning: setSpeed not yet implemented for meso
Warning: setSpeed not yet implemented for meso
Warning: setSpeed not yet implemented for meso
Warning: setSpeed not yet implemented for meso
Warning: setSpeed not yet implemented for meso
Warning: setSpeed not yet implemented for meso
Warning: setSpeed not yet implemented for meso
Warning: setSpeed not yet implemented for meso
Warning: setSpeed not yet implemented for meso
Warning: setSpeed not yet implemented for meso
Warning: setSpeed not yet implemented for meso
Warning: setSpeed not yet implemented for meso
Warning: setSpeed not yet implemented for meso
Warning: setSpeed not yet implemented for meso
Warning: setSpeed not yet implemented for meso
Warning: setSpeed not yet implemented for meso
Warning: setSpeed not yet implemented for meso
Warning: setSpeed not yet implemented for meso
Warning: setSpeed not yet implemented for meso
Warning: setSpeed not yet implemented for meso
Warning: setSpeed not yet implemented for meso
Warning: setSpeed not yet implemented for meso
Warning: setSpeed not yet implemented for meso
Warning: setSpeed not yet implemented for meso
Warning: setSpeed not yet implemented for meso
Warning: resume not yet implemented for meso
Warning: setSpeed not yet implemented for meso
Warning: setSpeed not yet implemented for meso
Warning: setSpeed not yet implemented for meso
Warning: setSpeed not yet implemented for meso
Warning: setSpeed not yet implemented for meso
Warning: setSpeed not yet implemented for meso
Warning: setSpeed not yet implemented for meso
Warning: setSpeed not yet implemented for meso
Warning: setSpeed not yet implemented for meso
Warning: resume not yet implemented for meso
Warning: setSpeed not yet implemented for meso
Warning: setSpeed not yet implemented for meso
Warning: setSpeed not yet implemented for meso
Warning: setSpeed not yet implemented for meso
Warning: setSpeed not yet implemented for meso
Warning: setSpeed not yet implemented for meso
Warning: resume not yet implemented for meso
Warning: setSpeed not yet implemented for meso
Warning: setSpeed not yet implemented for meso
Warning: setSpeed not yet implemented for meso
Warning: setSpeed not yet implemented for meso
Warning: setSpeed not yet implemented for meso
Warning: setSpeed not yet implemented for meso
Warning: setSpeed not yet implemented for meso
Warning: setSpeed not yet implemented for meso
Warning: setSpeed not yet implemented for meso
Warning: setSpeed not yet implemented for meso
Warning: setSpeed not yet implemented for meso
Warning: resume not yet implemented for meso
Warning: No connection between edge '-675484248#3' and edge '946030657' found.
Warning: setSpeed not yet implemented for meso
Warning: setSpeed not yet implemented for meso
Warning: setSpeed not yet implemented for meso
Warning: setSpeed not yet implemented for meso
Warning: setSpeed not yet implemented for meso
Warning: setSpeed not yet implemented for meso
Warning: resume not yet implemented for meso
Warning: setSpeed not yet implemented for meso
Warning: setSpeed not yet implemented for meso
Warning: setSpeed not yet implemented for meso
Warning: setSpeed not yet implemented for meso
Warning: setSpeed not yet implemented for meso
Warning: resume not yet implemented for meso
Warning: setSpeed not yet implemented for meso
Warning: setSpeed not yet implemented for meso
Warning: setSpeed not yet implemented for meso
Warning: setSpeed not yet implemented for meso
Warning: setSpeed not yet implemented for meso
Warning: setSpeed not yet implemented for meso
Warning: resume not yet implemented for meso
Warning: setSpeed not yet implemented for meso
Warning: setSpeed not yet implemented for meso
Warning: resume not yet implemented for meso
Warning: setSpeed not yet implemented for meso
Warning: setSpeed not yet implemented for meso
Warning: setSpeed not yet implemented for meso
Warning: setSpeed not yet implemented for meso
Warning: setSpeed not yet implemented for meso
Warning: setSpeed not yet implemented for meso
Warning: setSpeed not yet implemented for meso
Warning: setSpeed not yet implemented for meso
Warning: setSpeed not yet implemented for meso
Warning: setSpeed not yet implemented for meso
Warning: setSpeed not yet implemented for meso
Warning: setSpeed not yet implemented for meso
Warning: setSpeed not yet implemented for meso
Warning: setSpeed not yet implemented for meso
Warning: setSpeed not yet implemented for meso
Warning: setSpeed not yet implemented for meso
Warning: setSpeed not yet implemented for meso
Warning: setSpeed not yet implemented for meso
Warning: setSpeed not yet implemented for meso
Warning: setSpeed not yet implemented for meso
Warning: setSpeed not yet implemented for meso
Warning: setSpeed not yet implemented for meso
Warning: setSpeed not yet implemented for meso
Warning: setSpeed not yet implemented for meso
Warning: setSpeed not yet implemented for meso
Warning: setSpeed not yet implemented for meso
Warning: setSpeed not yet implemented for meso
Warning: setSpeed not yet implemented for meso
Warning: setSpeed not yet implemented for meso
Warning: resume not yet implemented for meso
Warning: setSpeed not yet implemented for meso
Warning: setSpeed not yet implemented for meso
Warning: setSpeed not yet implemented for meso
Warning: setSpeed not yet implemented for meso
Warning: setSpeed not yet implemented for meso
Warning: setSpeed not yet implemented for meso
Warning: setSpeed not yet implemented for meso
Warning: setSpeed not yet implemented for meso
Warning: resume not yet implemented for meso
Warning: setSpeed not yet implemented for meso
Warning: resume not yet implemented for meso
Warning: setSpeed not yet implemented for meso
Warning: setSpeed not yet implemented for meso
Warning: setSpeed not yet implemented for meso
Warning: setSpeed not yet implemented for meso
Warning: setSpeed not yet implemented for meso
Warning: setSpeed not yet implemented for meso
Warning: setSpeed not yet implemented for meso
Warning: setSpeed not yet implemented for meso
Warning: setSpeed not yet implemented for meso
Warning: setSpeed not yet implemented for meso
Warning: setSpeed not yet implemented for meso
Warning: setSpeed not yet implemented for meso
Warning: setSpeed not yet implemented for meso
Warning: setSpeed not yet implemented for meso
Warning: setSpeed not yet implemented for meso
Warning: setSpeed not yet implemented for meso
Warning: setSpeed not yet implemented for meso
Warning: setSpeed not yet implemented for meso
Warning: setSpeed not yet implemented for meso
Warning: setSpeed not yet implemented for meso
Warning: setSpeed not yet implemented for meso
Warning: setSpeed not yet implemented for meso
Warning: setSpeed not yet implemented for meso
Warning: setSpeed not yet implemented for meso
Warning: resume not yet implemented for meso
Warning: setSpeed not yet implemented for meso
Warning: setSpeed not yet implemented for meso
Warning: setSpeed not yet implemented for meso
Warning: resume not yet implemented for meso
Warning: setSpeed not yet implemented for meso
Warning: setSpeed not yet implemented for meso
Warning: setSpeed not yet implemented for meso
Warning: setSpeed not yet implemented for meso
Warning: setSpeed not yet implemented for meso
Warning: setSpeed not yet implemented for meso
Warning: setSpeed not yet implemented for meso
Warning: setSpeed not yet implemented for meso
Warning: setSpeed not yet implemented for meso
Warning: setSpeed not yet implemented for meso
Warning: setSpeed not yet implemented for meso
Warning: resume not yet implemented for meso
Warning: setSpeed not yet implemented for meso
Warning: setSpeed not yet implemented for meso
Warning: resume not yet implemented for meso
Warning: setSpeed not yet implemented for meso
Warning: setSpeed not yet implemented for meso
Warning: setSpeed not yet implemented for meso
Warning: setSpeed not yet implemented for meso
Warning: setSpeed not yet implemented for meso
Warning: setSpeed not yet implemented for meso
Warning: setSpeed not yet implemented for meso
Warning: setSpeed not yet implemented for meso
Warning: setSpeed not yet implemented for meso
Warning: setSpeed not yet implemented for meso
Warning: setSpeed not yet implemented for meso
Warning: resume not yet implemented for meso
Warning: setSpeed not yet implemented for meso
Warning: setSpeed not yet implemented for meso
Warning: setSpeed not yet implemented for meso
Warning: setSpeed not yet implemented for meso
Warning: setSpeed not yet implemented for meso
Warning: setSpeed not yet implemented for meso
Warning: setSpeed not yet implemented for meso
Warning: setSpeed not yet implemented for meso
Warning: setSpeed not yet implemented for meso
Warning: setSpeed not yet implemented for meso
Warning: setSpeed not yet implemented for meso
Warning: setSpeed not yet implemented for meso
Warning: setSpeed not yet implemented for meso
Warning: setSpeed not yet implemented for meso
Warning: setSpeed not yet implemented for meso
Warning: setSpeed not yet implemented for meso
Warning: setSpeed not yet implemented for meso
Warning: setSpeed not yet implemented for meso
Warning: setSpeed not yet implemented for meso
Warning: setSpeed not yet implemented for meso
Warning: setSpeed not yet implemented for meso
Warning: setSpeed not yet implemented for meso
Warning: setSpeed not yet implemented for meso
Warning: setSpeed not yet implemented for meso
Warning: setSpeed not yet implemented for meso
Warning: resume not yet implemented for meso
Warning: setSpeed not yet implemented for meso
Warning: setSpeed not yet implemented for meso
Warning: setSpeed not yet implemented for meso
Warning: setSpeed not yet implemented for meso
Warning: setSpeed not yet implemented for meso
Warning: setSpeed not yet implemented for meso
Warning: resume not yet implemented for meso
Warning: No connection between edge '-675484248#3' and edge '946030657' found.
Warning: setSpeed not yet implemented for meso
Warning: setSpeed not yet implemented for meso
Warning: setSpeed not yet implemented for meso
Warning: setSpeed not yet implemented for meso
Warning: setSpeed not yet implemented for meso
Warning: setSpeed not yet implemented for meso
Warning: setSpeed not yet implemented for meso
Warning: setSpeed not yet implemented for meso
Warning: setSpeed not yet implemented for meso
Warning: setSpeed not yet implemented for meso
Warning: setSpeed not yet implemented for meso
Warning: setSpeed not yet implemented for meso
Warning: setSpeed not yet implemented for meso
Warning: setSpeed not yet implemented for meso
Warning: setSpeed not yet implemented for meso
Warning: resume not yet implemented for meso
Warning: setSpeed not yet implemented for meso
Warning: setSpeed not yet implemented for meso
Warning: setSpeed not yet implemented for meso
Warning: setSpeed not yet implemented for meso
Warning: setSpeed not yet implemented for meso
Warning: setSpeed not yet implemented for meso
Warning: setSpeed not yet implemented for meso
Warning: setSpeed not yet implemented for meso
Warning: setSpeed not yet implemented for meso
Warning: setSpeed not yet implemented for meso
Warning: setSpeed not yet implemented for meso
Warning: setSpeed not yet implemented for meso
Warning: setSpeed not yet implemented for meso
Warning: setSpeed not yet implemented for meso
Warning: setSpeed not yet implemented for meso
Warning: setSpeed not yet implemented for meso
Warning: setSpeed not yet implemented for meso
Warning: resume not yet implemented for meso
Warning: setSpeed not yet implemented for meso
Warning: setSpeed not yet implemented for meso
Warning: setSpeed not yet implemented for meso
Warning: setSpeed not yet implemented for meso
Warning: setSpeed not yet implemented for meso
Warning: setSpeed not yet implemented for meso
Warning: resume not yet implemented for meso
Warning: setSpeed not yet implemented for meso
Warning: setSpeed not yet implemented for meso
Warning: setSpeed not yet implemented for meso
Warning: setSpeed not yet implemented for meso
Warning: setSpeed not yet implemented for meso
Warning: setSpeed not yet implemented for meso
Warning: setSpeed not yet implemented for meso
Warning: setSpeed not yet implemented for meso
Warning: setSpeed not yet implemented for meso
Warning: setSpeed not yet implemented for meso
Warning: setSpeed not yet implemented for meso
Warning: setSpeed not yet implemented for meso
Warning: setSpeed not yet implemented for meso
Warning: setSpeed not yet implemented for meso
Warning: setSpeed not yet implemented for meso
Warning: setSpeed not yet implemented for meso
Warning: setSpeed not yet implemented for meso
Warning: setSpeed not yet implemented for meso
Warning: setSpeed not yet implemented for meso
Warning: setSpeed not yet implemented for meso
Warning: setSpeed not yet implemented for meso
Warning: setSpeed not yet implemented for meso
Warning: setSpeed not yet implemented for meso
Warning: setSpeed not yet implemented for meso
Warning: setSpeed not yet implemented for meso
Warning: setSpeed not yet implemented for meso
Warning: setSpeed not yet implemented for meso
Warning: setSpeed not yet implemented for meso
Warning: setSpeed not yet implemented for meso
Warning: setSpeed not yet implemented for meso
Warning: setSpeed not yet implemented for meso
Warning: setSpeed not yet implemented for meso
Warning: setSpeed not yet implemented for meso
Warning: setSpeed not yet implemented for meso
Warning: resume not yet implemented for meso
Warning: setSpeed not yet implemented for meso
Warning: setSpeed not yet implemented for meso
Warning: setSpeed not yet implemented for meso
Warning: setSpeed not yet implemented for meso
Warning: setSpeed not yet implemented for meso
Warning: setSpeed not yet implemented for meso
Warning: setSpeed not yet implemented for meso
Warning: setSpeed not yet implemented for meso
Warning: setSpeed not yet implemented for meso
Warning: setSpeed not yet implemented for meso
Warning: setSpeed not yet implemented for meso
Warning: setSpeed not yet implemented for meso
Warning: setSpeed not yet implemented for meso
Warning: setSpeed not yet implemented for meso
Warning: setSpeed not yet implemented for meso
Warning: setSpeed not yet implemented for meso
Warning: setSpeed not yet implemented for meso
Warning: setSpeed not yet implemented for meso
Warning: setSpeed not yet implemented for meso
Warning: setSpeed not yet implemented for meso
Warning: setSpeed not yet implemented for meso
Warning: setSpeed not yet implemented for meso
Warning: setSpeed not yet implemented for meso
Warning: setSpeed not yet implemented for meso
Warning: setSpeed not yet implemented for meso
Warning: setSpeed not yet implemented for meso
Warning: setSpeed not yet implemented for meso
Warning: setSpeed not yet implemented for meso
Warning: setSpeed not yet implemented for meso
Warning: setSpeed not yet implemented for meso
Warning: setSpeed not yet implemented for meso
Warning: setSpeed not yet implemented for meso
Warning: resume not yet implemented for meso
Warning: setSpeed not yet implemented for meso
Warning: setSpeed not yet implemented for meso
Warning: setSpeed not yet implemented for meso
Warning: setSpeed not yet implemented for meso
Warning: resume not yet implemented for meso
Warning: No connection between edge '946030657' and edge '-11838452#1' found.
Warning: setSpeed not yet implemented for meso
Warning: resume not yet implemented for meso
Warning: setSpeed not yet implemented for meso
Warning: setSpeed not yet implemented for meso
Warning: setSpeed not yet implemented for meso
Warning: setSpeed not yet implemented for meso
Warning: setSpeed not yet implemented for meso
Warning: setSpeed not yet implemented for meso
Warning: setSpeed not yet implemented for meso
Warning: setSpeed not yet implemented for meso
Warning: setSpeed not yet implemented for meso
Warning: setSpeed not yet implemented for meso
Warning: setSpeed not yet implemented for meso
Warning: setSpeed not yet implemented for meso
Warning: setSpeed not yet implemented for meso
Warning: setSpeed not yet implemented for meso
Warning: setSpeed not yet implemented for meso
Warning: setSpeed not yet implemented for meso
Warning: setSpeed not yet implemented for meso
Warning: setSpeed not yet implemented for meso
Warning: setSpeed not yet implemented for meso
Warning: setSpeed not yet implemented for meso
Warning: setSpeed not yet implemented for meso
Warning: setSpeed not yet implemented for meso
Warning: setSpeed not yet implemented for meso
Warning: setSpeed not yet implemented for meso
Warning: setSpeed not yet implemented for meso
Warning: setSpeed not yet implemented for meso
Warning: setSpeed not yet implemented for meso
Warning: setSpeed not yet implemented for meso
Warning: setSpeed not yet implemented for meso
Warning: setSpeed not yet implemented for meso
Warning: setSpeed not yet implemented for meso
Warning: setSpeed not yet implemented for meso
Warning: setSpeed not yet implemented for meso
Warning: resume not yet implemented for meso
Warning: No connection between edge '-675484248#3' and edge '946030657' found.
Warning: setSpeed not yet implemented for meso
Warning: setSpeed not yet implemented for meso
Warning: setSpeed not yet implemented for meso
Warning: setSpeed not yet implemented for meso
Warning: resume not yet implemented for meso
Warning: setSpeed not yet implemented for meso
Warning: setSpeed not yet implemented for meso
Warning: setSpeed not yet implemented for meso
Warning: setSpeed not yet implemented for meso
Warning: setSpeed not yet implemented for meso
Warning: setSpeed not yet implemented for meso
Warning: setSpeed not yet implemented for meso
Warning: setSpeed not yet implemented for meso
Warning: setSpeed not yet implemented for meso
Warning: setSpeed not yet implemented for meso
Warning: resume not yet implemented for meso
Warning: setSpeed not yet implemented for meso
Warning: setSpeed not yet implemented for meso
Warning: setSpeed not yet implemented for meso
Warning: setSpeed not yet implemented for meso
Warning: setSpeed not yet implemented for meso
Warning: setSpeed not yet implemented for meso
Warning: setSpeed not yet implemented for meso
Warning: setSpeed not yet implemented for meso
Warning: setSpeed not yet implemented for meso
Warning: setSpeed not yet implemented for meso
Warning: setSpeed not yet implemented for meso
Warning: setSpeed not yet implemented for meso
Warning: setSpeed not yet implemented for meso
Warning: setSpeed not yet implemented for meso
Warning: setSpeed not yet implemented for meso
Warning: setSpeed not yet implemented for meso
Warning: setSpeed not yet implemented for meso
Warning: setSpeed not yet implemented for meso
Warning: setSpeed not yet implemented for meso
Warning: setSpeed not yet implemented for meso
Warning: setSpeed not yet implemented for meso
Warning: setSpeed not yet implemented for meso
Warning: resume not yet implemented for meso
Warning: setSpeed not yet implemented for meso
Warning: setSpeed not yet implemented for meso
Warning: setSpeed not yet implemented for meso
Warning: setSpeed not yet implemented for meso
Warning: setSpeed not yet implemented for meso
Warning: setSpeed not yet implemented for meso
Warning: setSpeed not yet implemented for meso
Warning: setSpeed not yet implemented for meso
Warning: resume not yet implemented for meso
Warning: setSpeed not yet implemented for meso
Warning: setSpeed not yet implemented for meso
Warning: setSpeed not yet implemented for meso
Warning: setSpeed not yet implemented for meso
Warning: setSpeed not yet implemented for meso
Warning: setSpeed not yet implemented for meso
Warning: setSpeed not yet implemented for meso
Warning: setSpeed not yet implemented for meso
Warning: setSpeed not yet implemented for meso
Warning: setSpeed not yet implemented for meso
Warning: setSpeed not yet implemented for meso
Warning: setSpeed not yet implemented for meso
Warning: setSpeed not yet implemented for meso
Warning: setSpeed not yet implemented for meso
Warning: setSpeed not yet implemented for meso
Warning: setSpeed not yet implemented for meso
Warning: setSpeed not yet implemented for meso
Warning: setSpeed not yet implemented for meso
Warning: setSpeed not yet implemented for meso
Warning: setSpeed not yet implemented for meso
Warning: setSpeed not yet implemented for meso
Warning: setSpeed not yet implemented for meso
Warning: setSpeed not yet implemented for meso
Warning: setSpeed not yet implemented for meso
Warning: setSpeed not yet implemented for meso
Warning: setSpeed not yet implemented for meso
Warning: setSpeed not yet implemented for meso
Warning: resume not yet implemented for meso
Warning: setSpeed not yet implemented for meso
Warning: setSpeed not yet implemented for meso
Warning: setSpeed not yet implemented for meso
Warning: setSpeed not yet implemented for meso
Warning: setSpeed not yet implemented for meso
Warning: setSpeed not yet implemented for meso
Warning: setSpeed not yet implemented for meso
Warning: setSpeed not yet implemented for meso
Warning: setSpeed not yet implemented for meso
Warning: resume not yet implemented for meso
Warning: setSpeed not yet implemented for meso
Warning: setSpeed not yet implemented for meso
Warning: resume not yet implemented for meso
Warning: No connection between edge '709017803#1' and edge '-11838452#1' found.
Warning: setSpeed not yet implemented for meso
Warning: setSpeed not yet implemented for meso
Warning: setSpeed not yet implemented for meso
Warning: setSpeed not yet implemented for meso
Warning: resume not yet implemented for meso
Warning: setSpeed not yet implemented for meso
Warning: setSpeed not yet implemented for meso
Warning: setSpeed not yet implemented for meso
Warning: setSpeed not yet implemented for meso
Warning: setSpeed not yet implemented for meso
Warning: setSpeed not yet implemented for meso
Warning: setSpeed not yet implemented for meso
Warning: setSpeed not yet implemented for meso
Warning: setSpeed not yet implemented for meso
Warning: setSpeed not yet implemented for meso
Warning: setSpeed not yet implemented for meso
Warning: setSpeed not yet implemented for meso
Warning: setSpeed not yet implemented for meso
Warning: setSpeed not yet implemented for meso
Warning: setSpeed not yet implemented for meso
Warning: setSpeed not yet implemented for meso
Warning: setSpeed not yet implemented for meso
Warning: setSpeed not yet implemented for meso
Warning: setSpeed not yet implemented for meso
Warning: setSpeed not yet implemented for meso
Warning: setSpeed not yet implemented for meso
Warning: setSpeed not yet implemented for meso
Warning: setSpeed not yet implemented for meso
Warning: setSpeed not yet implemented for meso
Warning: setSpeed not yet implemented for meso
Warning: setSpeed not yet implemented for meso
Warning: setSpeed not yet implemented for meso
Warning: setSpeed not yet implemented for meso
Warning: setSpeed not yet implemented for meso
Warning: setSpeed not yet implemented for meso
Warning: setSpeed not yet implemented for meso
Warning: setSpeed not yet implemented for meso
Warning: setSpeed not yet implemented for meso
Warning: setSpeed not yet implemented for meso
Warning: setSpeed not yet implemented for meso
Warning: setSpeed not yet implemented for meso
Warning: resume not yet implemented for meso
Warning: setSpeed not yet implemented for meso
Warning: setSpeed not yet implemented for meso
Warning: setSpeed not yet implemented for meso
Warning: setSpeed not yet implemented for meso
Warning: setSpeed not yet implemented for meso
Warning: setSpeed not yet implemented for meso
Warning: setSpeed not yet implemented for meso
Warning: setSpeed not yet implemented for meso
Warning: setSpeed not yet implemented for meso
Warning: setSpeed not yet implemented for meso
Warning: setSpeed not yet implemented for meso
Warning: setSpeed not yet implemented for meso
Warning: setSpeed not yet implemented for meso
Warning: setSpeed not yet implemented for meso
Warning: setSpeed not yet implemented for meso
Warning: setSpeed not yet implemented for meso
Warning: setSpeed not yet implemented for meso
Warning: setSpeed not yet implemented for meso
Warning: setSpeed not yet implemented for meso
Warning: resume not yet implemented for meso
Warning: setSpeed not yet implemented for meso
Warning: setSpeed not yet implemented for meso
Warning: resume not yet implemented for meso
Warning: No connection between edge '-675484248#3' and edge '946030657' found.
Warning: setSpeed not yet implemented for meso
Warning: setSpeed not yet implemented for meso
Warning: setSpeed not yet implemented for meso
Warning: setSpeed not yet implemented for meso
Warning: setSpeed not yet implemented for meso
Warning: setSpeed not yet implemented for meso
Warning: setSpeed not yet implemented for meso
Warning: resume not yet implemented for meso
Warning: setSpeed not yet implemented for meso
Warning: setSpeed not yet implemented for meso
Warning: setSpeed not yet implemented for meso
Warning: setSpeed not yet implemented for meso
Warning: setSpeed not yet implemented for meso
Warning: setSpeed not yet implemented for meso
Warning: setSpeed not yet implemented for meso
Warning: setSpeed not yet implemented for meso
Warning: setSpeed not yet implemented for meso
Warning: setSpeed not yet implemented for meso
Warning: resume not yet implemented for meso
Warning: setSpeed not yet implemented for meso
Warning: setSpeed not yet implemented for meso
Warning: setSpeed not yet implemented for meso
Warning: setSpeed not yet implemented for meso
Warning: setSpeed not yet implemented for meso
Warning: setSpeed not yet implemented for meso
Warning: setSpeed not yet implemented for meso
Warning: setSpeed not yet implemented for meso
Warning: resume not yet implemented for meso
Warning: setSpeed not yet implemented for meso
Warning: setSpeed not yet implemented for meso
Warning: setSpeed not yet implemented for meso
Warning: setSpeed not yet implemented for meso
Warning: resume not yet implemented for meso
Warning: setSpeed not yet implemented for meso
Warning: setSpeed not yet implemented for meso
Warning: setSpeed not yet implemented for meso
Warning: setSpeed not yet implemented for meso
Warning: resume not yet implemented for meso
Warning: setSpeed not yet implemented for meso
Warning: setSpeed not yet implemented for meso
Warning: setSpeed not yet implemented for meso
Warning: setSpeed not yet implemented for meso
Warning: setSpeed not yet implemented for meso
Warning: setSpeed not yet implemented for meso
Warning: setSpeed not yet implemented for meso
Warning: setSpeed not yet implemented for meso
Warning: setSpeed not yet implemented for meso
Warning: setSpeed not yet implemented for meso
Warning: setSpeed not yet implemented for meso
Warning: setSpeed not yet implemented for meso
Warning: setSpeed not yet implemented for meso
Warning: setSpeed not yet implemented for meso
Warning: setSpeed not yet implemented for meso
Warning: setSpeed not yet implemented for meso
Warning: setSpeed not yet implemented for meso
Warning: setSpeed not yet implemented for meso
Warning: setSpeed not yet implemented for meso
Warning: setSpeed not yet implemented for meso
Warning: setSpeed not yet implemented for meso
Warning: setSpeed not yet implemented for meso
Warning: setSpeed not yet implemented for meso
Warning: setSpeed not yet implemented for meso
Warning: setSpeed not yet implemented for meso
Warning: setSpeed not yet implemented for meso
Warning: resume not yet implemented for meso
Warning: setSpeed not yet implemented for meso
Warning: setSpeed not yet implemented for meso
Warning: setSpeed not yet implemented for meso
Warning: setSpeed not yet implemented for meso
Warning: setSpeed not yet implemented for meso
Warning: setSpeed not yet implemented for meso
Warning: setSpeed not yet implemented for meso
Warning: setSpeed not yet implemented for meso
Warning: setSpeed not yet implemented for meso
Warning: setSpeed not yet implemented for meso
Warning: setSpeed not yet implemented for meso
Warning: setSpeed not yet implemented for meso
Warning: setSpeed not yet implemented for meso
Warning: setSpeed not yet implemented for meso
Warning: setSpeed not yet implemented for meso
Warning: setSpeed not yet implemented for meso
Warning: setSpeed not yet implemented for meso
Warning: setSpeed not yet implemented for meso
Warning: resume not yet implemented for meso
Warning: No connection between edge '946030657' and edge '-11838452#1' found.
Warning: setSpeed not yet implemented for meso
Warning: setSpeed not yet implemented for meso
Warning: setSpeed not yet implemented for meso
Warning: setSpeed not yet implemented for meso
Warning: setSpeed not yet implemented for meso
Warning: setSpeed not yet implemented for meso
Warning: setSpeed not yet implemented for meso
Warning: setSpeed not yet implemented for meso
Warning: setSpeed not yet implemented for meso
Warning: resume not yet implemented for meso
Warning: setSpeed not yet implemented for meso
Warning: setSpeed not yet implemented for meso
Warning: setSpeed not yet implemented for meso
Warning: setSpeed not yet implemented for meso
Warning: setSpeed not yet implemented for meso
Warning: setSpeed not yet implemented for meso
Warning: setSpeed not yet implemented for meso
Warning: setSpeed not yet implemented for meso
Warning: setSpeed not yet implemented for meso
Warning: setSpeed not yet implemented for meso
Warning: setSpeed not yet implemented for meso
Warning: setSpeed not yet implemented for meso
Warning: setSpeed not yet implemented for meso
Warning: setSpeed not yet implemented for meso
Warning: resume not yet implemented for meso
Warning: setSpeed not yet implemented for meso
Warning: setSpeed not yet implemented for meso
Warning: setSpeed not yet implemented for meso
Warning: setSpeed not yet implemented for meso
Warning: setSpeed not yet implemented for meso
Warning: setSpeed not yet implemented for meso
Warning: setSpeed not yet implemented for meso
Warning: setSpeed not yet implemented for meso
Warning: setSpeed not yet implemented for meso
Warning: setSpeed not yet implemented for meso
Warning: setSpeed not yet implemented for meso
Warning: setSpeed not yet implemented for meso
Warning: setSpeed not yet implemented for meso
Warning: setSpeed not yet implemented for meso
Warning: setSpeed not yet implemented for meso
Warning: setSpeed not yet implemented for meso
Warning: setSpeed not yet implemented for meso
Warning: setSpeed not yet implemented for meso
Warning: setSpeed not yet implemented for meso
Warning: setSpeed not yet implemented for meso
Warning: resume not yet implemented for meso
Warning: setSpeed not yet implemented for meso
Warning: setSpeed not yet implemented for meso
Warning: setSpeed not yet implemented for meso
Warning: setSpeed not yet implemented for meso
Warning: setSpeed not yet implemented for meso
Warning: setSpeed not yet implemented for meso
Warning: setSpeed not yet implemented for meso
Warning: setSpeed not yet implemented for meso
Warning: setSpeed not yet implemented for meso
Warning: setSpeed not yet implemented for meso
Warning: setSpeed not yet implemented for meso
Warning: setSpeed not yet implemented for meso
Warning: setSpeed not yet implemented for meso
Warning: setSpeed not yet implemented for meso
Warning: setSpeed not yet implemented for meso
Warning: setSpeed not yet implemented for meso
Warning: setSpeed not yet implemented for meso
Warning: setSpeed not yet implemented for meso
Warning: setSpeed not yet implemented for meso
Warning: setSpeed not yet implemented for meso
Warning: resume not yet implemented for meso
Warning: setSpeed not yet implemented for meso
Warning: setSpeed not yet implemented for meso
Warning: setSpeed not yet implemented for meso
Warning: setSpeed not yet implemented for meso
Warning: setSpeed not yet implemented for meso
Warning: setSpeed not yet implemented for meso
Warning: setSpeed not yet implemented for meso
Warning: setSpeed not yet implemented for meso
Warning: resume not yet implemented for meso
Warning: setSpeed not yet implemented for meso
Warning: setSpeed not yet implemented for meso
Warning: setSpeed not yet implemented for meso
Warning: setSpeed not yet implemented for meso
Warning: resume not yet implemented for meso
Warning: No connection between edge '-675484248#3' and edge '946030657' found.
Warning: setSpeed not yet implemented for meso
Warning: setSpeed not yet implemented for meso
Warning: setSpeed not yet implemented for meso
Warning: setSpeed not yet implemented for meso
Warning: setSpeed not yet implemented for meso
Warning: setSpeed not yet implemented for meso
Warning: setSpeed not yet implemented for meso
Warning: setSpeed not yet implemented for meso
Warning: setSpeed not yet implemented for meso
Warning: setSpeed not yet implemented for meso
Warning: setSpeed not yet implemented for meso
Warning: setSpeed not yet implemented for meso
Warning: setSpeed not yet implemented for meso
Warning: setSpeed not yet implemented for meso
Warning: setSpeed not yet implemented for meso
Warning: setSpeed not yet implemented for meso
Warning: setSpeed not yet implemented for meso
Warning: setSpeed not yet implemented for meso
Warning: setSpeed not yet implemented for meso
Warning: setSpeed not yet implemented for meso
Warning: setSpeed not yet implemented for meso
Warning: setSpeed not yet implemented for meso
Warning: setSpeed not yet implemented for meso
Warning: setSpeed not yet implemented for meso
Warning: setSpeed not yet implemented for meso
Warning: setSpeed not yet implemented for meso
Warning: setSpeed not yet implemented for meso
Warning: setSpeed not yet implemented for meso
Warning: resume not yet implemented for meso
Warning: setSpeed not yet implemented for meso
Warning: resume not yet implemented for meso
Warning: setSpeed not yet implemented for meso
Warning: setSpeed not yet implemented for meso
Warning: setSpeed not yet implemented for meso
Warning: setSpeed not yet implemented for meso
Warning: setSpeed not yet implemented for meso
Warning: setSpeed not yet implemented for meso
Warning: setSpeed not yet implemented for meso
Warning: setSpeed not yet implemented for meso
Warning: setSpeed not yet implemented for meso
Warning: setSpeed not yet implemented for meso
Warning: setSpeed not yet implemented for meso
Warning: setSpeed not yet implemented for meso
Warning: setSpeed not yet implemented for meso
Warning: setSpeed not yet implemented for meso
Warning: setSpeed not yet implemented for meso
Warning: setSpeed not yet implemented for meso
Warning: setSpeed not yet implemented for meso
Warning: setSpeed not yet implemented for meso
Warning: setSpeed not yet implemented for meso
Warning: setSpeed not yet implemented for meso
Warning: setSpeed not yet implemented for meso
Warning: setSpeed not yet implemented for meso
Warning: setSpeed not yet implemented for meso
Warning: setSpeed not yet implemented for meso
Warning: setSpeed not yet implemented for meso
Warning: resume not yet implemented for meso
Warning: setSpeed not yet implemented for meso
Warning: setSpeed not yet implemented for meso
Warning: resume not yet implemented for meso
Warning: No connection between edge '179998311#2' and edge '-11838452#1' found.
Warning: setSpeed not yet implemented for meso
Warning: setSpeed not yet implemented for meso
Warning: setSpeed not yet implemented for meso
Warning: setSpeed not yet implemented for meso
Warning: setSpeed not yet implemented for meso
Warning: setSpeed not yet implemented for meso
Warning: setSpeed not yet implemented for meso
Warning: setSpeed not yet implemented for meso
Warning: setSpeed not yet implemented for meso
Warning: setSpeed not yet implemented for meso
Warning: setSpeed not yet implemented for meso
Warning: setSpeed not yet implemented for meso
Warning: resume not yet implemented for meso
Warning: setSpeed not yet implemented for meso
Warning: setSpeed not yet implemented for meso
Warning: setSpeed not yet implemented for meso
Warning: setSpeed not yet implemented for meso
Warning: setSpeed not yet implemented for meso
Warning: setSpeed not yet implemented for meso
Warning: setSpeed not yet implemented for meso
Warning: setSpeed not yet implemented for meso
Warning: setSpeed not yet implemented for meso
Warning: setSpeed not yet implemented for meso
Warning: setSpeed not yet implemented for meso
Warning: setSpeed not yet implemented for meso
Warning: setSpeed not yet implemented for meso
Warning: setSpeed not yet implemented for meso
Warning: setSpeed not yet implemented for meso
Warning: resume not yet implemented for meso
Warning: No connection between edge '-675484248#3' and edge '946030657' found.
Warning: setSpeed not yet implemented for meso
Warning: setSpeed not yet implemented for meso
Warning: resume not yet implemented for meso
Warning: setSpeed not yet implemented for meso
Warning: setSpeed not yet implemented for meso
Warning: setSpeed not yet implemented for meso
Warning: setSpeed not yet implemented for meso
Warning: setSpeed not yet implemented for meso
Warning: setSpeed not yet implemented for meso
Warning: setSpeed not yet implemented for meso
Warning: setSpeed not yet implemented for meso
Warning: setSpeed not yet implemented for meso
Warning: setSpeed not yet implemented for meso
Warning: setSpeed not yet implemented for meso
Warning: setSpeed not yet implemented for meso
Warning: setSpeed not yet implemented for meso
Warning: setSpeed not yet implemented for meso
Warning: setSpeed not yet implemented for meso
Warning: setSpeed not yet implemented for meso
Warning: setSpeed not yet implemented for meso
Warning: setSpeed not yet implemented for meso
Warning: setSpeed not yet implemented for meso
Warning: setSpeed not yet implemented for meso
Warning: setSpeed not yet implemented for meso
Warning: setSpeed not yet implemented for meso
Warning: resume not yet implemented for meso
Warning: setSpeed not yet implemented for meso
Warning: setSpeed not yet implemented for meso
Warning: setSpeed not yet implemented for meso
Warning: setSpeed not yet implemented for meso
Warning: setSpeed not yet implemented for meso
Warning: setSpeed not yet implemented for meso
Warning: setSpeed not yet implemented for meso
Warning: setSpeed not yet implemented for meso
Warning: setSpeed not yet implemented for meso
Warning: setSpeed not yet implemented for meso
Warning: setSpeed not yet implemented for meso
Warning: setSpeed not yet implemented for meso
Warning: setSpeed not yet implemented for meso
Warning: setSpeed not yet implemented for meso
Warning: setSpeed not yet implemented for meso
Warning: setSpeed not yet implemented for meso
Warning: setSpeed not yet implemented for meso
Warning: setSpeed not yet implemented for meso
Warning: setSpeed not yet implemented for meso
Warning: setSpeed not yet implemented for meso
Warning: resume not yet implemented for meso
Warning: setSpeed not yet implemented for meso
Warning: resume not yet implemented for meso
Warning: No connection between edge '946030657' and edge '-11838452#1' found.
Warning: setSpeed not yet implemented for meso
Warning: resume not yet implemented for meso
Warning: setSpeed not yet implemented for meso
Warning: resume not yet implemented for meso
Warning: No connection between edge '-675484248#3' and edge '946030657' found.
Warning: setSpeed not yet implemented for meso
Warning: setSpeed not yet implemented for meso
Warning: resume not yet implemented for meso
Warning: setSpeed not yet implemented for meso
Warning: setSpeed not yet implemented for meso
Warning: setSpeed not yet implemented for meso
Warning: setSpeed not yet implemented for meso
Warning: setSpeed not yet implemented for meso
Warning: setSpeed not yet implemented for meso
Warning: setSpeed not yet implemented for meso
Warning: setSpeed not yet implemented for meso
Warning: setSpeed not yet implemented for meso
Warning: setSpeed not yet implemented for meso
Warning: resume not yet implemented for meso
Warning: setSpeed not yet implemented for meso
Warning: setSpeed not yet implemented for meso
Warning: setSpeed not yet implemented for meso
Warning: setSpeed not yet implemented for meso
Warning: setSpeed not yet implemented for meso
Warning: setSpeed not yet implemented for meso
Warning: setSpeed not yet implemented for meso
Warning: setSpeed not yet implemented for meso
Warning: setSpeed not yet implemented for meso
Warning: setSpeed not yet implemented for meso
Warning: setSpeed not yet implemented for meso
Warning: setSpeed not yet implemented for meso
Warning: setSpeed not yet implemented for meso
Warning: setSpeed not yet implemented for meso
Warning: setSpeed not yet implemented for meso
Warning: setSpeed not yet implemented for meso
Warning: setSpeed not yet implemented for meso
Warning: setSpeed not yet implemented for meso
Warning: setSpeed not yet implemented for meso
Warning: setSpeed not yet implemented for meso
Warning: setSpeed not yet implemented for meso
Warning: setSpeed not yet implemented for meso
Warning: setSpeed not yet implemented for meso
Warning: setSpeed not yet implemented for meso
Warning: setSpeed not yet implemented for meso
Warning: setSpeed not yet implemented for meso
Warning: resume not yet implemented for meso
Warning: No connection between edge '946030657' and edge '-11838452#1' found.
Warning: setSpeed not yet implemented for meso
Warning: setSpeed not yet implemented for meso
Warning: resume not yet implemented for meso
Warning: No connection between edge '-675484248#3' and edge '946030657' found.
Warning: setSpeed not yet implemented for meso
Warning: setSpeed not yet implemented for meso
Warning: resume not yet implemented for meso
Warning: setSpeed not yet implemented for meso
Warning: setSpeed not yet implemented for meso
Warning: setSpeed not yet implemented for meso
Warning: setSpeed not yet implemented for meso
Warning: resume not yet implemented for meso
Warning: setSpeed not yet implemented for meso
Warning: setSpeed not yet implemented for meso
Warning: setSpeed not yet implemented for meso
Warning: setSpeed not yet implemented for meso
Warning: setSpeed not yet implemented for meso
Warning: setSpeed not yet implemented for meso
Warning: setSpeed not yet implemented for meso
Warning: setSpeed not yet implemented for meso
Warning: setSpeed not yet implemented for meso
Warning: setSpeed not yet implemented for meso
Warning: setSpeed not yet implemented for meso
Warning: setSpeed not yet implemented for meso
Warning: setSpeed not yet implemented for meso
Warning: setSpeed not yet implemented for meso
Warning: setSpeed not yet implemented for meso
Warning: setSpeed not yet implemented for meso
Warning: setSpeed not yet implemented for meso
Warning: setSpeed not yet implemented for meso
Warning: setSpeed not yet implemented for meso
Warning: setSpeed not yet implemented for meso
Warning: setSpeed not yet implemented for meso
Warning: setSpeed not yet implemented for meso
Warning: setSpeed not yet implemented for meso
Warning: setSpeed not yet implemented for meso
Warning: setSpeed not yet implemented for meso
Warning: resume not yet implemented for meso
Warning: setSpeed not yet implemented for meso
Warning: setSpeed not yet implemented for meso
Warning: setSpeed not yet implemented for meso
Warning: setSpeed not yet implemented for meso
Warning: setSpeed not yet implemented for meso
Warning: setSpeed not yet implemented for meso
Warning: setSpeed not yet implemented for meso
Warning: setSpeed not yet implemented for meso
Warning: setSpeed not yet implemented for meso
Warning: setSpeed not yet implemented for meso
Warning: resume not yet implemented for meso
Warning: No connection between edge '946030657' and edge '-11838452#1' found.
Warning: setSpeed not yet implemented for meso
Warning: setSpeed not yet implemented for meso
Warning: resume not yet implemented for meso
Warning: No connection between edge '-675484248#3' and edge '946030657' found.
Warning: resume not yet implemented for meso
Warning: setSpeed not yet implemented for meso
Warning: setSpeed not yet implemented for meso
Warning: resume not yet implemented for meso
Warning: setSpeed not yet implemented for meso
Warning: setSpeed not yet implemented for meso
Warning: setSpeed not yet implemented for meso
Warning: setSpeed not yet implemented for meso
Warning: setSpeed not yet implemented for meso
Warning: setSpeed not yet implemented for meso
Warning: setSpeed not yet implemented for meso
Warning: setSpeed not yet implemented for meso
Warning: setSpeed not yet implemented for meso
Warning: setSpeed not yet implemented for meso
Warning: setSpeed not yet implemented for meso
Warning: setSpeed not yet implemented for meso
Warning: setSpeed not yet implemented for meso
Warning: setSpeed not yet implemented for meso
Warning: setSpeed not yet implemented for meso
Warning: setSpeed not yet implemented for meso
Warning: setSpeed not yet implemented for meso
Warning: setSpeed not yet implemented for meso
Warning: setSpeed not yet implemented for meso
Warning: setSpeed not yet implemented for meso
Warning: setSpeed not yet implemented for meso
Warning: setSpeed not yet implemented for meso
Warning: setSpeed not yet implemented for meso
Warning: setSpeed not yet implemented for meso
Warning: setSpeed not yet implemented for meso
Warning: setSpeed not yet implemented for meso
Warning: setSpeed not yet implemented for meso
Warning: setSpeed not yet implemented for meso
Warning: setSpeed not yet implemented for meso
Warning: setSpeed not yet implemented for meso
Warning: setSpeed not yet implemented for meso
Warning: setSpeed not yet implemented for meso
Warning: setSpeed not yet implemented for meso
Warning: setSpeed not yet implemented for meso
Warning: setSpeed not yet implemented for meso
Warning: setSpeed not yet implemented for meso
Warning: setSpeed not yet implemented for meso
Warning: setSpeed not yet implemented for meso
Warning: setSpeed not yet implemented for meso
Warning: setSpeed not yet implemented for meso
Warning: resume not yet implemented for meso
Warning: setSpeed not yet implemented for meso
Warning: setSpeed not yet implemented for meso
Warning: resume not yet implemented for meso
Warning: No connection between edge '946030657' and edge '-11838452#1' found.
Warning: setSpeed not yet implemented for meso
Warning: setSpeed not yet implemented for meso
Warning: resume not yet implemented for meso
Warning: No connection between edge '-675484248#3' and edge '946030657' found.
Warning: setSpeed not yet implemented for meso
Warning: setSpeed not yet implemented for meso
Warning: resume not yet implemented for meso
Warning: setSpeed not yet implemented for meso
Warning: setSpeed not yet implemented for meso
Warning: setSpeed not yet implemented for meso
Warning: setSpeed not yet implemented for meso
Warning: setSpeed not yet implemented for meso
Warning: setSpeed not yet implemented for meso
Warning: setSpeed not yet implemented for meso
Warning: setSpeed not yet implemented for meso
Warning: setSpeed not yet implemented for meso
Warning: setSpeed not yet implemented for meso
Warning: setSpeed not yet implemented for meso
Warning: setSpeed not yet implemented for meso
Warning: setSpeed not yet implemented for meso
Warning: setSpeed not yet implemented for meso
Warning: setSpeed not yet implemented for meso
Warning: setSpeed not yet implemented for meso
Warning: setSpeed not yet implemented for meso
Warning: resume not yet implemented for meso
Warning: setSpeed not yet implemented for meso
Warning: setSpeed not yet implemented for meso
Warning: setSpeed not yet implemented for meso
Warning: setSpeed not yet implemented for meso
Warning: setSpeed not yet implemented for meso
Warning: setSpeed not yet implemented for meso
Warning: setSpeed not yet implemented for meso
Warning: setSpeed not yet implemented for meso
Warning: setSpeed not yet implemented for meso
Warning: setSpeed not yet implemented for meso
Warning: setSpeed not yet implemented for meso
Warning: setSpeed not yet implemented for meso
Warning: setSpeed not yet implemented for meso
Warning: setSpeed not yet implemented for meso
Warning: resume not yet implemented for meso
Warning: setSpeed not yet implemented for meso
Warning: setSpeed not yet implemented for meso
Warning: setSpeed not yet implemented for meso
Warning: setSpeed not yet implemented for meso
Warning: setSpeed not yet implemented for meso
Warning: setSpeed not yet implemented for meso
Warning: setSpeed not yet implemented for meso
Warning: setSpeed not yet implemented for meso
Warning: resume not yet implemented for meso
Warning: No connection between edge '946030657' and edge '-11838452#1' found.
Warning: setSpeed not yet implemented for meso
Warning: setSpeed not yet implemented for meso
Warning: resume not yet implemented for meso
Warning: No connection between edge '-675484248#3' and edge '946030657' found.
Warning: setSpeed not yet implemented for meso
Warning: setSpeed not yet implemented for meso
Warning: resume not yet implemented for meso
Warning: setSpeed not yet implemented for meso
Warning: setSpeed not yet implemented for meso
Warning: setSpeed not yet implemented for meso
Warning: setSpeed not yet implemented for meso
Warning: setSpeed not yet implemented for meso
Warning: setSpeed not yet implemented for meso
Warning: setSpeed not yet implemented for meso
Warning: setSpeed not yet implemented for meso
Warning: setSpeed not yet implemented for meso
Warning: setSpeed not yet implemented for meso
Warning: setSpeed not yet implemented for meso
Warning: setSpeed not yet implemented for meso
Warning: setSpeed not yet implemented for meso
Warning: setSpeed not yet implemented for meso
Warning: setSpeed not yet implemented for meso
Warning: setSpeed not yet implemented for meso
Warning: setSpeed not yet implemented for meso
Warning: setSpeed not yet implemented for meso
Warning: setSpeed not yet implemented for meso
Warning: setSpeed not yet implemented for meso
Warning: setSpeed not yet implemented for meso
Warning: setSpeed not yet implemented for meso
Warning: setSpeed not yet implemented for meso
Warning: setSpeed not yet implemented for meso
Warning: setSpeed not yet implemented for meso
Warning: resume not yet implemented for meso
Warning: setSpeed not yet implemented for meso
Warning: setSpeed not yet implemented for meso
Warning: setSpeed not yet implemented for meso
Warning: setSpeed not yet implemented for meso
Warning: setSpeed not yet implemented for meso
Warning: setSpeed not yet implemented for meso
Warning: setSpeed not yet implemented for meso
Warning: setSpeed not yet implemented for meso
Warning: setSpeed not yet implemented for meso
Warning: setSpeed not yet implemented for meso
Warning: setSpeed not yet implemented for meso
Warning: setSpeed not yet implemented for meso
Warning: setSpeed not yet implemented for meso
Warning: setSpeed not yet implemented for meso
Warning: resume not yet implemented for meso
Warning: No connection between edge '946030657' and edge '-11838452#1' found.
Warning: setSpeed not yet implemented for meso
Warning: setSpeed not yet implemented for meso
Warning: resume not yet implemented for meso
Warning: No connection between edge '-675484248#3' and edge '946030657' found.
Warning: setSpeed not yet implemented for meso
Warning: setSpeed not yet implemented for meso
Warning: resume not yet implemented for meso
Warning: setSpeed not yet implemented for meso
Warning: setSpeed not yet implemented for meso
Warning: resume not yet implemented for meso
Warning: setSpeed not yet implemented for meso
Warning: setSpeed not yet implemented for meso
Warning: setSpeed not yet implemented for meso
Warning: setSpeed not yet implemented for meso
Warning: setSpeed not yet implemented for meso
Warning: setSpeed not yet implemented for meso
Warning: setSpeed not yet implemented for meso
Warning: setSpeed not yet implemented for meso
Warning: setSpeed not yet implemented for meso
Warning: setSpeed not yet implemented for meso
Warning: setSpeed not yet implemented for meso
Warning: setSpeed not yet implemented for meso
Warning: setSpeed not yet implemented for meso
Warning: setSpeed not yet implemented for meso
Warning: setSpeed not yet implemented for meso
Warning: setSpeed not yet implemented for meso
Warning: setSpeed not yet implemented for meso
Warning: resume not yet implemented for meso
Warning: setSpeed not yet implemented for meso
Warning: setSpeed not yet implemented for meso
Warning: setSpeed not yet implemented for meso
Warning: setSpeed not yet implemented for meso
Warning: setSpeed not yet implemented for meso
Warning: setSpeed not yet implemented for meso
Warning: setSpeed not yet implemented for meso
Warning: setSpeed not yet implemented for meso
Warning: setSpeed not yet implemented for meso
Warning: setSpeed not yet implemented for meso
Warning: setSpeed not yet implemented for meso
Warning: setSpeed not yet implemented for meso
Warning: setSpeed not yet implemented for meso
Warning: setSpeed not yet implemented for meso
Warning: setSpeed not yet implemented for meso
Warning: setSpeed not yet implemented for meso
Warning: setSpeed not yet implemented for meso
Warning: setSpeed not yet implemented for meso
Warning: setSpeed not yet implemented for meso
Warning: setSpeed not yet implemented for meso
Warning: resume not yet implemented for meso
Warning: No connection between edge '946030657' and edge '-11838452#1' found.
Warning: setSpeed not yet implemented for meso
Warning: setSpeed not yet implemented for meso
Warning: resume not yet implemented for meso
Warning: No connection between edge '-675484248#3' and edge '946030657' found.
Warning: setSpeed not yet implemented for meso
Warning: setSpeed not yet implemented for meso
Warning: resume not yet implemented for meso
Warning: setSpeed not yet implemented for meso
Warning: setSpeed not yet implemented for meso
Warning: setSpeed not yet implemented for meso
Warning: setSpeed not yet implemented for meso
Warning: setSpeed not yet implemented for meso
Warning: setSpeed not yet implemented for meso
Warning: setSpeed not yet implemented for meso
Warning: setSpeed not yet implemented for meso
Warning: setSpeed not yet implemented for meso
Warning: setSpeed not yet implemented for meso
Warning: setSpeed not yet implemented for meso
Warning: setSpeed not yet implemented for meso
Warning: setSpeed not yet implemented for meso
Warning: resume not yet implemented for meso
Warning: setSpeed not yet implemented for meso
Warning: setSpeed not yet implemented for meso
Warning: setSpeed not yet implemented for meso
Warning: setSpeed not yet implemented for meso
Warning: setSpeed not yet implemented for meso
Warning: setSpeed not yet implemented for meso
Warning: setSpeed not yet implemented for meso
Warning: setSpeed not yet implemented for meso
Warning: setSpeed not yet implemented for meso
Warning: setSpeed not yet implemented for meso
Warning: setSpeed not yet implemented for meso
Warning: setSpeed not yet implemented for meso
Warning: setSpeed not yet implemented for meso
Warning: setSpeed not yet implemented for meso
Warning: setSpeed not yet implemented for meso
Warning: setSpeed not yet implemented for meso
Warning: setSpeed not yet implemented for meso
Warning: setSpeed not yet implemented for meso
Warning: setSpeed not yet implemented for meso
Warning: resume not yet implemented for meso
Warning: setSpeed not yet implemented for meso
Warning: setSpeed not yet implemented for meso
Warning: setSpeed not yet implemented for meso
Warning: setSpeed not yet implemented for meso
Warning: setSpeed not yet implemented for meso
Warning: setSpeed not yet implemented for meso
Warning: setSpeed not yet implemented for meso
Warning: resume not yet implemented for meso
Warning: No connection between edge '946030657' and edge '-11838452#1' found.
Warning: setSpeed not yet implemented for meso
Warning: setSpeed not yet implemented for meso
Warning: resume not yet implemented for meso
Warning: No connection between edge '-675484248#3' and edge '946030657' found.
Warning: setSpeed not yet implemented for meso
Warning: setSpeed not yet implemented for meso
Warning: resume not yet implemented for meso
Warning: setSpeed not yet implemented for meso
Warning: setSpeed not yet implemented for meso
Warning: setSpeed not yet implemented for meso
Warning: setSpeed not yet implemented for meso
Warning: resume not yet implemented for meso
Warning: setSpeed not yet implemented for meso
Warning: setSpeed not yet implemented for meso
Warning: setSpeed not yet implemented for meso
Warning: setSpeed not yet implemented for meso
Warning: setSpeed not yet implemented for meso
Warning: setSpeed not yet implemented for meso
Warning: setSpeed not yet implemented for meso
Warning: setSpeed not yet implemented for meso
Warning: setSpeed not yet implemented for meso
Warning: setSpeed not yet implemented for meso
Warning: setSpeed not yet implemented for meso
Warning: setSpeed not yet implemented for meso
Warning: setSpeed not yet implemented for meso
Warning: setSpeed not yet implemented for meso
Warning: setSpeed not yet implemented for meso
Warning: setSpeed not yet implemented for meso
Warning: setSpeed not yet implemented for meso
Warning: setSpeed not yet implemented for meso
Warning: setSpeed not yet implemented for meso
Warning: setSpeed not yet implemented for meso
Warning: setSpeed not yet implemented for meso
Warning: setSpeed not yet implemented for meso
Warning: setSpeed not yet implemented for meso
Warning: setSpeed not yet implemented for meso
Warning: setSpeed not yet implemented for meso
Warning: setSpeed not yet implemented for meso
Warning: setSpeed not yet implemented for meso
Warning: setSpeed not yet implemented for meso
Warning: setSpeed not yet implemented for meso
Warning: setSpeed not yet implemented for meso
Warning: setSpeed not yet implemented for meso
Warning: setSpeed not yet implemented for meso
Warning: resume not yet implemented for meso
Warning: No connection between edge '946030657' and edge '-11838452#1' found.
Warning: setSpeed not yet implemented for meso
Warning: setSpeed not yet implemented for meso
Warning: resume not yet implemented for meso
Warning: No connection between edge '-675484248#3' and edge '946030657' found.
Warning: setSpeed not yet implemented for meso
Warning: setSpeed not yet implemented for meso
Warning: resume not yet implemented for meso
Warning: setSpeed not yet implemented for meso
Warning: resume not yet implemented for meso
Warning: setSpeed not yet implemented for meso
Warning: setSpeed not yet implemented for meso
Warning: setSpeed not yet implemented for meso
Warning: setSpeed not yet implemented for meso
Warning: setSpeed not yet implemented for meso
Warning: setSpeed not yet implemented for meso
Warning: setSpeed not yet implemented for meso
Warning: setSpeed not yet implemented for meso
Warning: setSpeed not yet implemented for meso
Warning: setSpeed not yet implemented for meso
Warning: setSpeed not yet implemented for meso
Warning: setSpeed not yet implemented for meso
Warning: setSpeed not yet implemented for meso
Warning: setSpeed not yet implemented for meso
Warning: setSpeed not yet implemented for meso
Warning: setSpeed not yet implemented for meso
Warning: setSpeed not yet implemented for meso
Warning: setSpeed not yet implemented for meso
Warning: setSpeed not yet implemented for meso
Warning: resume not yet implemented for meso
Warning: setSpeed not yet implemented for meso
Warning: setSpeed not yet implemented for meso
Warning: setSpeed not yet implemented for meso
Warning: setSpeed not yet implemented for meso
Warning: setSpeed not yet implemented for meso
Warning: setSpeed not yet implemented for meso
Warning: setSpeed not yet implemented for meso
Warning: setSpeed not yet implemented for meso
Warning: setSpeed not yet implemented for meso
Warning: setSpeed not yet implemented for meso
Warning: setSpeed not yet implemented for meso
Warning: setSpeed not yet implemented for meso
Warning: setSpeed not yet implemented for meso
Warning: setSpeed not yet implemented for meso
Warning: setSpeed not yet implemented for meso
Warning: setSpeed not yet implemented for meso
Warning: resume not yet implemented for meso
Warning: No connection between edge '946030657' and edge '-11838452#1' found.
Warning: resume not yet implemented for meso
Warning: setSpeed not yet implemented for meso
Warning: setSpeed not yet implemented for meso
Warning: resume not yet implemented for meso
Warning: No connection between edge '-675484248#3' and edge '946030657' found.
Warning: setSpeed not yet implemented for meso
Warning: setSpeed not yet implemented for meso
Warning: resume not yet implemented for meso
Warning: setSpeed not yet implemented for meso
Warning: setSpeed not yet implemented for meso
Warning: setSpeed not yet implemented for meso
Warning: setSpeed not yet implemented for meso
Warning: setSpeed not yet implemented for meso
Warning: setSpeed not yet implemented for meso
Warning: setSpeed not yet implemented for meso
Warning: setSpeed not yet implemented for meso
Warning: setSpeed not yet implemented for meso
Warning: setSpeed not yet implemented for meso
Warning: setSpeed not yet implemented for meso
Warning: setSpeed not yet implemented for meso
Warning: setSpeed not yet implemented for meso
Warning: setSpeed not yet implemented for meso
Warning: setSpeed not yet implemented for meso
Warning: setSpeed not yet implemented for meso
Warning: setSpeed not yet implemented for meso
Warning: setSpeed not yet implemented for meso
Warning: setSpeed not yet implemented for meso
Warning: setSpeed not yet implemented for meso
Warning: setSpeed not yet implemented for meso
Warning: setSpeed not yet implemented for meso
Warning: setSpeed not yet implemented for meso
Warning: setSpeed not yet implemented for meso
Warning: setSpeed not yet implemented for meso
Warning: setSpeed not yet implemented for meso
Warning: setSpeed not yet implemented for meso
Warning: setSpeed not yet implemented for meso
Warning: setSpeed not yet implemented for meso
Warning: setSpeed not yet implemented for meso
Warning: setSpeed not yet implemented for meso
Warning: setSpeed not yet implemented for meso
Warning: setSpeed not yet implemented for meso
Warning: setSpeed not yet implemented for meso
Warning: resume not yet implemented for meso
Warning: setSpeed not yet implemented for meso
Warning: setSpeed not yet implemented for meso
Warning: setSpeed not yet implemented for meso
Warning: setSpeed not yet implemented for meso
Warning: setSpeed not yet implemented for meso
Warning: resume not yet implemented for meso
Warning: No connection between edge '946030657' and edge '-11838452#1' found.
Warning: setSpeed not yet implemented for meso
Warning: setSpeed not yet implemented for meso
Warning: resume not yet implemented for meso
Warning: No connection between edge '-675484248#3' and edge '946030657' found.
Warning: setSpeed not yet implemented for meso
Warning: setSpeed not yet implemented for meso
Warning: resume not yet implemented for meso
Warning: setSpeed not yet implemented for meso
Warning: setSpeed not yet implemented for meso
Warning: setSpeed not yet implemented for meso
Warning: setSpeed not yet implemented for meso
Warning: setSpeed not yet implemented for meso
Warning: setSpeed not yet implemented for meso
Warning: setSpeed not yet implemented for meso
Warning: setSpeed not yet implemented for meso
Warning: resume not yet implemented for meso
Warning: setSpeed not yet implemented for meso
Warning: setSpeed not yet implemented for meso
Warning: setSpeed not yet implemented for meso
Warning: setSpeed not yet implemented for meso
Warning: setSpeed not yet implemented for meso
Warning: setSpeed not yet implemented for meso
Warning: setSpeed not yet implemented for meso
Warning: setSpeed not yet implemented for meso
Warning: setSpeed not yet implemented for meso
Warning: setSpeed not yet implemented for meso
Warning: setSpeed not yet implemented for meso
Warning: setSpeed not yet implemented for meso
Warning: setSpeed not yet implemented for meso
Warning: setSpeed not yet implemented for meso
Warning: setSpeed not yet implemented for meso
Warning: setSpeed not yet implemented for meso
Warning: setSpeed not yet implemented for meso
Warning: setSpeed not yet implemented for meso
Warning: setSpeed not yet implemented for meso
Warning: setSpeed not yet implemented for meso
Warning: setSpeed not yet implemented for meso
Warning: setSpeed not yet implemented for meso
Warning: setSpeed not yet implemented for meso
Warning: resume not yet implemented for meso
Warning: setSpeed not yet implemented for meso
Warning: setSpeed not yet implemented for meso
Warning: setSpeed not yet implemented for meso
Warning: setSpeed not yet implemented for meso
Warning: setSpeed not yet implemented for meso
Warning: resume not yet implemented for meso
Warning: No connection between edge '946030657' and edge '-11838452#1' found.
Warning: setSpeed not yet implemented for meso
Warning: setSpeed not yet implemented for meso
Warning: resume not yet implemented for meso
Warning: No connection between edge '-675484248#3' and edge '946030657' found.
Warning: setSpeed not yet implemented for meso
Warning: setSpeed not yet implemented for meso
Warning: resume not yet implemented for meso
Warning: setSpeed not yet implemented for meso
Warning: setSpeed not yet implemented for meso
Warning: setSpeed not yet implemented for meso
Warning: setSpeed not yet implemented for meso
Warning: setSpeed not yet implemented for meso
Warning: setSpeed not yet implemented for meso
Warning: setSpeed not yet implemented for meso
Warning: setSpeed not yet implemented for meso
Warning: setSpeed not yet implemented for meso
Warning: setSpeed not yet implemented for meso
Warning: setSpeed not yet implemented for meso
Warning: setSpeed not yet implemented for meso
Warning: setSpeed not yet implemented for meso
Warning: setSpeed not yet implemented for meso
Warning: setSpeed not yet implemented for meso
Warning: setSpeed not yet implemented for meso
Warning: setSpeed not yet implemented for meso
Warning: setSpeed not yet implemented for meso
Warning: setSpeed not yet implemented for meso
Warning: setSpeed not yet implemented for meso
Warning: setSpeed not yet implemented for meso
Warning: setSpeed not yet implemented for meso
Warning: setSpeed not yet implemented for meso
Warning: setSpeed not yet implemented for meso
Warning: setSpeed not yet implemented for meso
Warning: setSpeed not yet implemented for meso
Warning: setSpeed not yet implemented for meso
Warning: setSpeed not yet implemented for meso
Warning: resume not yet implemented for meso
Warning: setSpeed not yet implemented for meso
Warning: setSpeed not yet implemented for meso
Warning: setSpeed not yet implemented for meso
Warning: setSpeed not yet implemented for meso
Warning: setSpeed not yet implemented for meso
Warning: setSpeed not yet implemented for meso
Warning: setSpeed not yet implemented for meso
Warning: setSpeed not yet implemented for meso
Warning: setSpeed not yet implemented for meso
Warning: setSpeed not yet implemented for meso
Warning: setSpeed not yet implemented for meso
Warning: resume not yet implemented for meso
Warning: No connection between edge '946030657' and edge '-11838452#1' found.
Warning: setSpeed not yet implemented for meso
Warning: setSpeed not yet implemented for meso
Warning: resume not yet implemented for meso
Warning: No connection between edge '-675484248#3' and edge '946030657' found.
Warning: setSpeed not yet implemented for meso
Warning: resume not yet implemented for meso
Warning: setSpeed not yet implemented for meso
Warning: resume not yet implemented for meso
Warning: setSpeed not yet implemented for meso
Warning: setSpeed not yet implemented for meso
Warning: setSpeed not yet implemented for meso
Warning: setSpeed not yet implemented for meso
Warning: setSpeed not yet implemented for meso
Warning: setSpeed not yet implemented for meso
Warning: setSpeed not yet implemented for meso
Warning: setSpeed not yet implemented for meso
Warning: setSpeed not yet implemented for meso
Warning: setSpeed not yet implemented for meso
Warning: setSpeed not yet implemented for meso
Warning: setSpeed not yet implemented for meso
Warning: setSpeed not yet implemented for meso
Warning: setSpeed not yet implemented for meso
Warning: setSpeed not yet implemented for meso
Warning: setSpeed not yet implemented for meso
Warning: setSpeed not yet implemented for meso
Warning: setSpeed not yet implemented for meso
Warning: setSpeed not yet implemented for meso
Warning: resume not yet implemented for meso
Warning: setSpeed not yet implemented for meso
Warning: setSpeed not yet implemented for meso
Warning: setSpeed not yet implemented for meso
